app/build/intermediates/manifest_merge_blame_file/debug/manifest-merger-blame-debug-report.txt
1<?xml version="1.0" encoding="utf-8"?>
2<manifest xmlns:android="http://schemas.android.com/apk/res/android"
3    package="com.finly"
4    android:versionCode="1"
5    android:versionName="1.0.0" >
6
7    <uses-sdk
8        android:minSdkVersion="26"
9        android:targetSdkVersion="35" />
10
11    <!-- Quyền đọc thông báo - KHÔNG đọc SMS, KHÔNG truy cập tài khoản ngân hàng -->
12    <uses-permission android:name="android.permission.POST_NOTIFICATIONS" />
12-->src\main\AndroidManifest.xml:6:5-77
12-->src\main\AndroidManifest.xml:6:22-74
13    <uses-permission android:name="android.permission.FOREGROUND_SERVICE" />
13-->src\main\AndroidManifest.xml:7:5-77
13-->src\main\AndroidManifest.xml:7:22-74
14    <uses-permission android:name="android.permission.FOREGROUND_SERVICE_SPECIAL_USE" />
14-->src\main\AndroidManifest.xml:8:5-89
14-->src\main\AndroidManifest.xml:8:22-86
15
16    <permission
16-->[androidx.core:core:1.13.1] AndroidManifest.xml:22:5-24:47
17        android:name="com.finly.DYNAMIC_RECEIVER_NOT_EXPORTED_PERMISSION"
17-->[androidx.core:core:1.13.1] AndroidManifest.xml:23:9-81
18        android:protectionLevel="signature" />
18-->[androidx.core:core:1.13.1] AndroidManifest.xml:24:9-44
19
20    <uses-permission android:name="com.finly.DYNAMIC_RECEIVER_NOT_EXPORTED_PERMISSION" />
20-->[androidx.core:core:1.13.1] AndroidManifest.xml:26:5-97
20-->[androidx.core:core:1.13.1] AndroidManifest.xml:26:22-94
21
22    <application
22-->src\main\AndroidManifest.xml:10:5-54:19
23        android:name="com.finly.FinlyApplication"
23-->src\main\AndroidManifest.xml:11:9-41
24        android:allowBackup="true"
24-->src\main\AndroidManifest.xml:12:9-35
25        android:appComponentFactory="androidx.core.app.CoreComponentFactory"
25-->[androidx.core:core:1.13.1] AndroidManifest.xml:28:18-86
26        android:dataExtractionRules="@xml/data_extraction_rules"
26-->src\main\AndroidManifest.xml:13:9-65
27        android:debuggable="true"
28        android:extractNativeLibs="false"
29        android:fullBackupContent="@xml/backup_rules"
29-->src\main\AndroidManifest.xml:14:9-54
30        android:icon="@mipmap/ic_launcher"
30-->src\main\AndroidManifest.xml:15:9-43
31        android:label="@string/app_name"
31-->src\main\AndroidManifest.xml:16:9-41
32        android:roundIcon="@mipmap/ic_launcher_round"
32-->src\main\AndroidManifest.xml:17:9-54
33        android:supportsRtl="true"
33-->src\main\AndroidManifest.xml:18:9-35
34        android:testOnly="true"
35        android:theme="@style/Theme.Finly" >
35-->src\main\AndroidManifest.xml:19:9-43
36        <activity
36-->src\main\AndroidManifest.xml:22:9-31:20
37            android:name="com.finly.ui.MainActivity"
37-->src\main\AndroidManifest.xml:23:13-44
38            android:exported="true"
38-->src\main\AndroidManifest.xml:24:13-36
39            android:launchMode="singleTop"
39-->src\main\AndroidManifest.xml:25:13-43
40            android:theme="@style/Theme.Finly" >
40-->src\main\AndroidManifest.xml:26:13-47
41            <intent-filter>
41-->src\main\AndroidManifest.xml:27:13-30:29
42                <action android:name="android.intent.action.MAIN" />
42-->src\main\AndroidManifest.xml:28:17-69
42-->src\main\AndroidManifest.xml:28:25-66
43
44                <category android:name="android.intent.category.LAUNCHER" />
44-->src\main\AndroidManifest.xml:29:17-77
44-->src\main\AndroidManifest.xml:29:27-74
45            </intent-filter>
46        </activity>
47
48        <!-- NotificationListenerService để đọc thông báo giao dịch -->
49        <service
49-->src\main\AndroidManifest.xml:34:9-42:19
50            android:name="com.finly.service.TransactionNotificationService"
50-->src\main\AndroidManifest.xml:35:13-67
51            android:exported="true"
51-->src\main\AndroidManifest.xml:36:13-36
52            android:label="@string/notification_service_label"
52-->src\main\AndroidManifest.xml:37:13-63
53            android:permission="android.permission.BIND_NOTIFICATION_LISTENER_SERVICE" >
53-->src\main\AndroidManifest.xml:38:13-87
54            <intent-filter>
54-->src\main\AndroidManifest.xml:39:13-41:29
55                <action android:name="android.service.notification.NotificationListenerService" />
55-->src\main\AndroidManifest.xml:40:17-99
55-->src\main\AndroidManifest.xml:40:25-96
56            </intent-filter>
57        </service>
58
59        <!-- QuickAdd Notification Service -->
60        <service
60-->src\main\AndroidManifest.xml:45:9-52:19
61            android:name="com.finly.service.QuickAddNotificationService"
61-->src\main\AndroidManifest.xml:46:13-64
62            android:exported="false"
62-->src\main\AndroidManifest.xml:47:13-37
63            android:foregroundServiceType="specialUse" >
63-->src\main\AndroidManifest.xml:48:13-55
64            <property
64-->src\main\AndroidManifest.xml:49:13-51:67
65                android:name="android.app.PROPERTY_SPECIAL_USE_FGS_SUBTYPE"
65-->src\main\AndroidManifest.xml:50:17-76
66                android:value="Quick add transaction shortcuts" />
66-->src\main\AndroidManifest.xml:51:17-64
67        </service>
68
69        <activity
69-->[androidx.compose.ui:ui-tooling-android:1.6.8] AndroidManifest.xml:23:9-25:39
70            android:name="androidx.compose.ui.tooling.PreviewActivity"
70-->[androidx.compose.ui:ui-tooling-android:1.6.8] AndroidManifest.xml:24:13-71
71            android:exported="true" />
71-->[androidx.compose.ui:ui-tooling-android:1.6.8] AndroidManifest.xml:25:13-36
72        <activity
72-->[androidx.compose.ui:ui-test-manifest:1.6.8] AndroidManifest.xml:23:9-25:39
73            android:name="androidx.activity.ComponentActivity"
73-->[androidx.compose.ui:ui-test-manifest:1.6.8] AndroidManifest.xml:24:13-63
74            android:exported="true" />
74-->[androidx.compose.ui:ui-test-manifest:1.6.8] AndroidManifest.xml:25:13-36
75
76        <provider
76-->[androidx.emoji2:emoji2:1.3.0] AndroidManifest.xml:24:9-32:20
77            android:name="androidx.startup.InitializationProvider"
77-->[androidx.emoji2:emoji2:1.3.0] AndroidManifest.xml:25:13-67
78            android:authorities="com.finly.androidx-startup"
78-->[androidx.emoji2:emoji2:1.3.0] AndroidManifest.xml:26:13-68
79            android:exported="false" >
79-->[androidx.emoji2:emoji2:1.3.0] AndroidManifest.xml:27:13-37
80            <meta-data
80-->[androidx.emoji2:emoji2:1.3.0] AndroidManifest.xml:29:13-31:52
81                android:name="androidx.emoji2.text.EmojiCompatInitializer"
81-->[androidx.emoji2:emoji2:1.3.0] AndroidManifest.xml:30:17-75
82                android:value="androidx.startup" />
82-->[androidx.emoji2:emoji2:1.3.0] AndroidManifest.xml:31:17-49
83            <meta-data
83-->[androidx.lifecycle:lifecycle-process:2.8.4] AndroidManifest.xml:29:13-31:52
84                android:name="androidx.lifecycle.ProcessLifecycleInitializer"
84-->[androidx.lifecycle:lifecycle-process:2.8.4] AndroidManifest.xml:30:17-78
85                android:value="androidx.startup" />
85-->[androidx.lifecycle:lifecycle-process:2.8.4] AndroidManifest.xml:31:17-49
86            <meta-data
86-->[androidx.profileinstaller:profileinstaller:1.3.1] AndroidManifest.xml:29:13-31:52
87                android:name="androidx.profileinstaller.ProfileInstallerInitializer"
87-->[androidx.profileinstaller:profileinstaller:1.3.1] AndroidManifest.xml:30:17-85
88                android:value="androidx.startup" />
88-->[androidx.profileinstaller:profileinstaller:1.3.1] AndroidManifest.xml:31:17-49
89        </provider>
90
91        <service
91-->[androidx.room:room-runtime:2.6.1] AndroidManifest.xml:24:9-28:63
92            android:name="androidx.room.MultiInstanceInvalidationService"
92-->[androidx.room:room-runtime:2.6.1] AndroidManifest.xml:25:13-74
93            android:directBootAware="true"
93-->[androidx.room:room-runtime:2.6.1] AndroidManifest.xml:26:13-43
94            android:exported="false" />
94-->[androidx.room:room-runtime:2.6.1] AndroidManifest.xml:27:13-37
95
96        <receiver
96-->[androidx.profileinstaller:profileinstaller:1.3.1] AndroidManifest.xml:34:9-52:20
97            android:name="androidx.profileinstaller.ProfileInstallReceiver"
97-->[androidx.profileinstaller:profileinstaller:1.3.1] AndroidManifest.xml:35:13-76
98            android:directBootAware="false"
98-->[androidx.profileinstaller:profileinstaller:1.3.1] AndroidManifest.xml:36:13-44
99            android:enabled="true"
99-->[androidx.profileinstaller:profileinstaller:1.3.1] AndroidManifest.xml:37:13-35
100            android:exported="true"
100-->[androidx.profileinstaller:profileinstaller:1.3.1] AndroidManifest.xml:38:13-36
101            android:permission="android.permission.DUMP" >
101-->[androidx.profileinstaller:profileinstaller:1.3.1] AndroidManifest.xml:39:13-57
102            <intent-filter>
102-->[androidx.profileinstaller:profileinstaller:1.3.1] AndroidManifest.xml:40:13-42:29
103                <action android:name="androidx.profileinstaller.action.INSTALL_PROFILE" />
103-->[androidx.profileinstaller:profileinstaller:1.3.1] AndroidManifest.xml:41:17-91
103-->[androidx.profileinstaller:profileinstaller:1.3.1] AndroidManifest.xml:41:25-88
104            </intent-filter>
105            <intent-filter>
105-->[androidx.profileinstaller:profileinstaller:1.3.1] AndroidManifest.xml:43:13-45:29
106                <action android:name="androidx.profileinstaller.action.SKIP_FILE" />
106-->[androidx.profileinstaller:profileinstaller:1.3.1] AndroidManifest.xml:44:17-85
106-->[androidx.profileinstaller:profileinstaller:1.3.1] AndroidManifest.xml:44:25-82
107            </intent-filter>
108            <intent-filter>
108-->[androidx.profileinstaller:profileinstaller:1.3.1] AndroidManifest.xml:46:13-48:29
109                <action android:name="androidx.profileinstaller.action.SAVE_PROFILE" />
109-->[androidx.profileinstaller:profileinstaller:1.3.1] AndroidManifest.xml:47:17-88
109-->[androidx.profileinstaller:profileinstaller:1.3.1] AndroidManifest.xml:47:25-85
110            </intent-filter>
111            <intent-filter>
111-->[androidx.profileinstaller:profileinstaller:1.3.1] AndroidManifest.xml:49:13-51:29
112                <action android:name="androidx.profileinstaller.action.BENCHMARK_OPERATION" />
112-->[androidx.profileinstaller:profileinstaller:1.3.1] AndroidManifest.xml:50:17-95
112-->[androidx.profileinstaller:profileinstaller:1.3.1] AndroidManifest.xml:50:25-92
113            </intent-filter>
114        </receiver>
115    </application>
116
117</manifest>